<?xml version="1.0" encoding="UTF-8"?>
<!-- Generated by org.testng.reporters.JUnitXMLReporter -->
<testsuite ignored="0" hostname="OluwadalolasAir" failures="1" tests="1" name="Surefire test" time="0.826" errors="0" timestamp="2023-02-11T17:56:28 GMT">
  <testcase classname="io.cucumber.testng.AbstractTestNGCucumberTests" name="runScenario" time="0.139">
    <failure type="io.cucumber.testng.UndefinedStepException" message="The step &amp;apos;I have arrived at the TFL page&amp;apos; and 5 other step(s) are undefined.
You can implement these steps using the snippet(s) below:

@Given(&amp;quot;I have arrived at the TFL page&amp;quot;)
public void i_have_arrived_at_the_tfl_page() {
    // Write code here that turns the phrase above into concrete actions
    throw new io.cucumber.java.PendingException();
}
@Given(&amp;quot;I enter the following postcode {string} into the FROM search bar of the plan journey widget&amp;quot;)
public void i_enter_the_following_postcode_into_the_from_search_bar_of_the_plan_journey_widget(String string) {
    // Write code here that turns the phrase above into concrete actions
    throw new io.cucumber.java.PendingException();
}
@Given(&amp;quot;I enter the following postcode {string} into the TO search bar of the plan journey widget&amp;quot;)
public void i_enter_the_following_postcode_into_the_to_search_bar_of_the_plan_journey_widget(String string) {
    // Write code here that turns the phrase above into concrete actions
    throw new io.cucumber.java.PendingException();
}
@Given(&amp;quot;I click on the plan journey button&amp;quot;)
public void i_click_on_the_plan_journey_button() {
    // Write code here that turns the phrase above into concrete actions
    throw new io.cucumber.java.PendingException();
}
@Then(&amp;quot;I see the journey results page&amp;quot;)
public void i_see_the_journey_results_page() {
    // Write code here that turns the phrase above into concrete actions
    throw new io.cucumber.java.PendingException();
}
@Then(&amp;quot;I close the website&amp;quot;)
public void i_close_the_website() {
    // Write code here that turns the phrase above into concrete actions
    throw new io.cucumber.java.PendingException();
}
">
      <![CDATA[io.cucumber.testng.UndefinedStepException: The step 'I have arrived at the TFL page' and 5 other step(s) are undefined.
You can implement these steps using the snippet(s) below:

@Given("I have arrived at the TFL page")
public void i_have_arrived_at_the_tfl_page() {
    // Write code here that turns the phrase above into concrete actions
    throw new io.cucumber.java.PendingException();
}
@Given("I enter the following postcode {string} into the FROM search bar of the plan journey widget")
public void i_enter_the_following_postcode_into_the_from_search_bar_of_the_plan_journey_widget(String string) {
    // Write code here that turns the phrase above into concrete actions
    throw new io.cucumber.java.PendingException();
}
@Given("I enter the following postcode {string} into the TO search bar of the plan journey widget")
public void i_enter_the_following_postcode_into_the_to_search_bar_of_the_plan_journey_widget(String string) {
    // Write code here that turns the phrase above into concrete actions
    throw new io.cucumber.java.PendingException();
}
@Given("I click on the plan journey button")
public void i_click_on_the_plan_journey_button() {
    // Write code here that turns the phrase above into concrete actions
    throw new io.cucumber.java.PendingException();
}
@Then("I see the journey results page")
public void i_see_the_journey_results_page() {
    // Write code here that turns the phrase above into concrete actions
    throw new io.cucumber.java.PendingException();
}
@Then("I close the website")
public void i_close_the_website() {
    // Write code here that turns the phrase above into concrete actions
    throw new io.cucumber.java.PendingException();
}

at io.cucumber.core.runtime.TestCaseResultObserver.assertTestCasePassed(TestCaseResultObserver.java:69)
at io.cucumber.testng.TestCaseResultObserver.assertTestCasePassed(TestCaseResultObserver.java:23)
at io.cucumber.testng.TestNGCucumberRunner.lambda$runScenario$1(TestNGCucumberRunner.java:133)
at io.cucumber.core.runtime.CucumberExecutionContext.lambda$runTestCase$5(CucumberExecutionContext.java:130)
at io.cucumber.core.runtime.RethrowingThrowableCollector.executeAndThrow(RethrowingThrowableCollector.java:23)
at io.cucumber.core.runtime.CucumberExecutionContext.runTestCase(CucumberExecutionContext.java:130)
at io.cucumber.testng.TestNGCucumberRunner.runScenario(TestNGCucumberRunner.java:129)
at io.cucumber.testng.AbstractTestNGCucumberTests.runScenario(AbstractTestNGCucumberTests.java:35)
at java.base/java.util.ArrayList.forEach(ArrayList.java:1511)
... Removed 30 stack frames]]>
    </failure>
  </testcase> <!-- runScenario -->
</testsuite> <!-- Surefire test -->
